ERROR:root:Ошибка при обработке изображений: A process in the process pool was terminated abruptly while the future was running or pending.
ERROR:root:Ошибка при обработке C:/Users/fgghy/Downloads/Izuchaem_Python_tom_1_5-E_Izdanie__2019_Mark_Lutts.pdf: Unable to get page count. Is poppler installed and in PATH?
2024-11-01 00:02:44,770 DEBUG STREAM b'IHDR' 16 13
2024-11-01 00:02:44,771 DEBUG STREAM b'sBIT' 41 4
2024-11-01 00:02:44,771 DEBUG b'sBIT' 41 4 (unknown)
2024-11-01 00:02:44,771 DEBUG STREAM b'pHYs' 57 9
2024-11-01 00:02:44,771 DEBUG STREAM b'tEXt' 78 25
2024-11-01 00:02:44,771 DEBUG STREAM b'IDAT' 115 8192
2024-11-01 00:02:44,786 DEBUG STREAM b'IHDR' 16 13
2024-11-01 00:02:44,786 DEBUG STREAM b'sBIT' 41 4
2024-11-01 00:02:44,786 DEBUG b'sBIT' 41 4 (unknown)
2024-11-01 00:02:44,786 DEBUG STREAM b'pHYs' 57 9
2024-11-01 00:02:44,787 DEBUG STREAM b'tEXt' 78 25
2024-11-01 00:02:44,787 DEBUG STREAM b'IDAT' 115 7521
2024-11-01 00:02:44,797 DEBUG STREAM b'IHDR' 16 13
2024-11-01 00:02:44,797 DEBUG STREAM b'sBIT' 41 4
2024-11-01 00:02:44,797 DEBUG b'sBIT' 41 4 (unknown)
2024-11-01 00:02:44,797 DEBUG STREAM b'pHYs' 57 9
2024-11-01 00:02:44,797 DEBUG STREAM b'tEXt' 78 25
2024-11-01 00:02:44,798 DEBUG STREAM b'IDAT' 115 8192
2024-11-01 00:02:44,810 DEBUG STREAM b'IHDR' 16 13
2024-11-01 00:02:44,810 DEBUG STREAM b'sBIT' 41 4
2024-11-01 00:02:44,810 DEBUG b'sBIT' 41 4 (unknown)
2024-11-01 00:02:44,810 DEBUG STREAM b'pHYs' 57 9
2024-11-01 00:02:44,810 DEBUG STREAM b'tEXt' 78 25
2024-11-01 00:02:44,810 DEBUG STREAM b'IDAT' 115 8192
2024-11-01 00:04:55,172 DEBUG STREAM b'IHDR' 16 13
2024-11-01 00:04:55,172 DEBUG STREAM b'sRGB' 41 1
2024-11-01 00:04:55,172 DEBUG STREAM b'IDAT' 54 8192
2024-11-01 00:04:55,190 DEBUG STREAM b'IHDR' 16 13
2024-11-01 00:04:55,191 DEBUG STREAM b'sRGB' 41 1
2024-11-01 00:04:55,191 DEBUG STREAM b'IDAT' 54 8192
2024-11-01 00:04:55,213 DEBUG STREAM b'IHDR' 16 13
2024-11-01 00:04:55,213 DEBUG STREAM b'sRGB' 41 1
2024-11-01 00:04:55,213 DEBUG STREAM b'IDAT' 54 8192
2024-11-01 00:04:55,238 DEBUG STREAM b'IHDR' 16 13
2024-11-01 00:04:55,238 DEBUG STREAM b'sRGB' 41 1
2024-11-01 00:04:55,238 DEBUG STREAM b'IDAT' 54 8192
2024-11-01 00:05:11,291 DEBUG STREAM b'IHDR' 16 13
2024-11-01 00:05:11,291 DEBUG STREAM b'sRGB' 41 1
2024-11-01 00:05:11,291 DEBUG STREAM b'IDAT' 54 8192
2024-11-01 00:05:11,299 DEBUG STREAM b'IHDR' 16 13
2024-11-01 00:05:11,299 DEBUG STREAM b'sRGB' 41 1
2024-11-01 00:05:11,299 DEBUG STREAM b'IDAT' 54 8192
2024-11-01 00:05:11,306 DEBUG STREAM b'IHDR' 16 13
2024-11-01 00:05:11,306 DEBUG STREAM b'sRGB' 41 1
2024-11-01 00:05:11,306 DEBUG STREAM b'IDAT' 54 8192
2024-11-01 00:05:11,312 DEBUG STREAM b'IHDR' 16 13
2024-11-01 00:05:11,312 DEBUG STREAM b'sRGB' 41 1
2024-11-01 00:05:11,312 DEBUG STREAM b'IDAT' 54 8192
2024-11-01 00:06:11,055 ERROR Ошибка при открытии логов: 'utf-8' codec can't decode byte 0xce in position 11: invalid continuation byte
2024-11-01 00:07:51,069 DEBUG STREAM b'IHDR' 16 13
2024-11-01 00:07:51,070 DEBUG STREAM b'sRGB' 41 1
2024-11-01 00:07:51,070 DEBUG STREAM b'IDAT' 54 8192
2024-11-01 00:07:51,078 DEBUG STREAM b'IHDR' 16 13
2024-11-01 00:07:51,078 DEBUG STREAM b'sRGB' 41 1
2024-11-01 00:07:51,078 DEBUG STREAM b'IDAT' 54 8192
2024-11-01 00:07:51,085 DEBUG STREAM b'IHDR' 16 13
2024-11-01 00:07:51,085 DEBUG STREAM b'sRGB' 41 1
2024-11-01 00:07:51,085 DEBUG STREAM b'IDAT' 54 8192
2024-11-01 00:07:51,093 DEBUG STREAM b'IHDR' 16 13
2024-11-01 00:07:51,093 DEBUG STREAM b'sRGB' 41 1
2024-11-01 00:07:51,093 DEBUG STREAM b'IDAT' 54 8192
2024-11-01 00:07:59,417 ERROR Ошибка при открытии логов: 'utf-8' codec can't decode byte 0xce in position 11: invalid continuation byte
2024-11-01 00:08:06,231 ERROR Ошибка при открытии логов: 'utf-8' codec can't decode byte 0xce in position 11: invalid continuation byte
2024-11-01 00:08:43,294 DEBUG ['tesseract', 'C:\\Users\\fgghy\\AppData\\Local\\Temp\\tess_7rulwjjv_input.PNG', 'C:\\Users\\fgghy\\AppData\\Local\\Temp\\tess_7rulwjjv', '-l', 'rus+eng', '--oem', '3', '--psm', '1', 'txt']
2024-11-01 00:08:43,320 ERROR Ошибка при OCR: tesseract is not installed or it's not in your PATH. See README file for more information.
2024-11-01 00:08:50,542 ERROR Ошибка при открытии изображения: invalid command name ".!toplevel4.!progressbar"
2024-11-01 00:08:53,802 ERROR Ошибка при открытии логов: 'utf-8' codec can't decode byte 0xce in position 11: invalid continuation byte
2024-11-01 00:08:59,918 ERROR Ошибка при открытии изображения: invalid command name ".!toplevel4.!progressbar"
2024-11-01 00:09:06,452 ERROR Ошибка при открытии файла: invalid command name ".!toplevel4.!progressbar"
